CRITICAL - 2021-11-29 05:51:15 --> Class name must be a valid object or a string
#0 C:\Users\freedcode\Documents\digisign-2.0\vendor\codeigniter4\framework\system\Config\BaseService.php(248): Myth\Auth\Config\Services::activator(Object(Myth\Auth\Config\Auth), false)
#1 C:\Users\freedcode\Documents\digisign-2.0\vendor\codeigniter4\framework\system\Config\BaseService.php(189): CodeIgniter\Config\BaseService::__callStatic('activator', Array)
#2 C:\Users\freedcode\Documents\digisign-2.0\vendor\myth\auth\src\Config\Services.php(86): CodeIgniter\Config\BaseService::getSharedInstance('activator', NULL)
#3 C:\Users\freedcode\Documents\digisign-2.0\vendor\codeigniter4\framework\system\Config\BaseService.php(248): Myth\Auth\Config\Services::activator()
#4 C:\Users\freedcode\Documents\digisign-2.0\vendor\codeigniter4\framework\system\Common.php(937): CodeIgniter\Config\BaseService::__callStatic('activator', Array)
#5 C:\Users\freedcode\Documents\digisign-2.0\vendor\myth\auth\src\Controllers\AuthController.php(184): service('activator')
#6 C:\Users\freedcode\Documents\digisign-2.0\vendor\codeigniter4\framework\system\CodeIgniter.php(824): Myth\Auth\Controllers\AuthController->attemptRegister()
#7 C:\Users\freedcode\Documents\digisign-2.0\vendor\codeigniter4\framework\system\CodeIgniter.php(410): CodeIgniter\CodeIgniter->runController(Object(Myth\Auth\Controllers\AuthController))
#8 C:\Users\freedcode\Documents\digisign-2.0\vendor\codeigniter4\framework\system\CodeIgniter.php(318): CodeIgniter\CodeIgniter->handleRequest(NULL, Object(Config\Cache), false)
#9 C:\Users\freedcode\Documents\digisign-2.0\public\index.php(37): CodeIgniter\CodeIgniter->run()
#10 C:\Users\freedcode\Documents\digisign-2.0\vendor\codeigniter4\framework\system\Commands\Server\rewrite.php(43): require_once('C:\\Users\\freedc...')
#11 {main}
CRITICAL - 2021-11-29 06:13:56 --> Undefined variable $title
#0 C:\Users\freedcode\Documents\digisign-2.0\app\Views\layouts\template.php(12): CodeIgniter\Debug\Exceptions->errorHandler(2, 'Undefined varia...', 'C:\\Users\\freedc...', 12)
#1 C:\Users\freedcode\Documents\digisign-2.0\vendor\codeigniter4\framework\system\View\View.php(214): include('C:\\Users\\freedc...')
#2 C:\Users\freedcode\Documents\digisign-2.0\vendor\codeigniter4\framework\system\View\View.php(217): CodeIgniter\View\View->CodeIgniter\View\{closure}()
#3 C:\Users\freedcode\Documents\digisign-2.0\vendor\codeigniter4\framework\system\View\View.php(230): CodeIgniter\View\View->render('layouts/templat...', Array, true)
#4 C:\Users\freedcode\Documents\digisign-2.0\vendor\codeigniter4\framework\system\Common.php(1097): CodeIgniter\View\View->render('home/password', Array, true)
#5 C:\Users\freedcode\Documents\digisign-2.0\app\Controllers\Home.php(30): view('home/password')
#6 C:\Users\freedcode\Documents\digisign-2.0\vendor\codeigniter4\framework\system\CodeIgniter.php(824): App\Controllers\Home->password()
#7 C:\Users\freedcode\Documents\digisign-2.0\vendor\codeigniter4\framework\system\CodeIgniter.php(410): CodeIgniter\CodeIgniter->runController(Object(App\Controllers\Home))
#8 C:\Users\freedcode\Documents\digisign-2.0\vendor\codeigniter4\framework\system\CodeIgniter.php(318): CodeIgniter\CodeIgniter->handleRequest(NULL, Object(Config\Cache), false)
#9 C:\Users\freedcode\Documents\digisign-2.0\public\index.php(37): CodeIgniter\CodeIgniter->run()
#10 C:\Users\freedcode\Documents\digisign-2.0\vendor\codeigniter4\framework\system\Commands\Server\rewrite.php(43): require_once('C:\\Users\\freedc...')
#11 {main}
CRITICAL - 2021-11-29 06:15:32 --> Undefined variable $title
#0 C:\Users\freedcode\Documents\digisign-2.0\app\Views\layouts\template.php(12): CodeIgniter\Debug\Exceptions->errorHandler(2, 'Undefined varia...', 'C:\\Users\\freedc...', 12)
#1 C:\Users\freedcode\Documents\digisign-2.0\vendor\codeigniter4\framework\system\View\View.php(214): include('C:\\Users\\freedc...')
#2 C:\Users\freedcode\Documents\digisign-2.0\vendor\codeigniter4\framework\system\View\View.php(217): CodeIgniter\View\View->CodeIgniter\View\{closure}()
#3 C:\Users\freedcode\Documents\digisign-2.0\vendor\codeigniter4\framework\system\View\View.php(230): CodeIgniter\View\View->render('layouts/templat...', Array, true)
#4 C:\Users\freedcode\Documents\digisign-2.0\vendor\codeigniter4\framework\system\Common.php(1097): CodeIgniter\View\View->render('home/profile', Array, true)
#5 C:\Users\freedcode\Documents\digisign-2.0\app\Controllers\Home.php(15): view('home/profile')
#6 C:\Users\freedcode\Documents\digisign-2.0\vendor\codeigniter4\framework\system\CodeIgniter.php(824): App\Controllers\Home->index()
#7 C:\Users\freedcode\Documents\digisign-2.0\vendor\codeigniter4\framework\system\CodeIgniter.php(410): CodeIgniter\CodeIgniter->runController(Object(App\Controllers\Home))
#8 C:\Users\freedcode\Documents\digisign-2.0\vendor\codeigniter4\framework\system\CodeIgniter.php(318): CodeIgniter\CodeIgniter->handleRequest(NULL, Object(Config\Cache), false)
#9 C:\Users\freedcode\Documents\digisign-2.0\public\index.php(37): CodeIgniter\CodeIgniter->run()
#10 C:\Users\freedcode\Documents\digisign-2.0\vendor\codeigniter4\framework\system\Commands\Server\rewrite.php(43): require_once('C:\\Users\\freedc...')
#11 {main}
CRITICAL - 2021-11-29 06:30:13 --> Undefined variable $validator
#0 C:\Users\freedcode\Documents\digisign-2.0\app\Views\home\profile.php(28): CodeIgniter\Debug\Exceptions->errorHandler(2, 'Undefined varia...', 'C:\\Users\\freedc...', 28)
#1 C:\Users\freedcode\Documents\digisign-2.0\vendor\codeigniter4\framework\system\View\View.php(214): include('C:\\Users\\freedc...')
#2 C:\Users\freedcode\Documents\digisign-2.0\vendor\codeigniter4\framework\system\View\View.php(217): CodeIgniter\View\View->CodeIgniter\View\{closure}()
#3 C:\Users\freedcode\Documents\digisign-2.0\vendor\codeigniter4\framework\system\Common.php(1097): CodeIgniter\View\View->render('home/profile', Array, true)
#4 C:\Users\freedcode\Documents\digisign-2.0\app\Controllers\Home.php(16): view('home/profile', Array)
#5 C:\Users\freedcode\Documents\digisign-2.0\vendor\codeigniter4\framework\system\CodeIgniter.php(824): App\Controllers\Home->index()
#6 C:\Users\freedcode\Documents\digisign-2.0\vendor\codeigniter4\framework\system\CodeIgniter.php(410): CodeIgniter\CodeIgniter->runController(Object(App\Controllers\Home))
#7 C:\Users\freedcode\Documents\digisign-2.0\vendor\codeigniter4\framework\system\CodeIgniter.php(318): CodeIgniter\CodeIgniter->handleRequest(NULL, Object(Config\Cache), false)
#8 C:\Users\freedcode\Documents\digisign-2.0\public\index.php(37): CodeIgniter\CodeIgniter->run()
#9 C:\Users\freedcode\Documents\digisign-2.0\vendor\codeigniter4\framework\system\Commands\Server\rewrite.php(43): require_once('C:\\Users\\freedc...')
#10 {main}
CRITICAL - 2021-11-29 06:30:35 --> Undefined variable $validator
#0 C:\Users\freedcode\Documents\digisign-2.0\app\Views\home\profile.php(28): CodeIgniter\Debug\Exceptions->errorHandler(2, 'Undefined varia...', 'C:\\Users\\freedc...', 28)
#1 C:\Users\freedcode\Documents\digisign-2.0\vendor\codeigniter4\framework\system\View\View.php(214): include('C:\\Users\\freedc...')
#2 C:\Users\freedcode\Documents\digisign-2.0\vendor\codeigniter4\framework\system\View\View.php(217): CodeIgniter\View\View->CodeIgniter\View\{closure}()
#3 C:\Users\freedcode\Documents\digisign-2.0\vendor\codeigniter4\framework\system\Common.php(1097): CodeIgniter\View\View->render('home/profile', Array, true)
#4 C:\Users\freedcode\Documents\digisign-2.0\app\Controllers\Home.php(16): view('home/profile', Array)
#5 C:\Users\freedcode\Documents\digisign-2.0\vendor\codeigniter4\framework\system\CodeIgniter.php(824): App\Controllers\Home->index()
#6 C:\Users\freedcode\Documents\digisign-2.0\vendor\codeigniter4\framework\system\CodeIgniter.php(410): CodeIgniter\CodeIgniter->runController(Object(App\Controllers\Home))
#7 C:\Users\freedcode\Documents\digisign-2.0\vendor\codeigniter4\framework\system\CodeIgniter.php(318): CodeIgniter\CodeIgniter->handleRequest(NULL, Object(Config\Cache), false)
#8 C:\Users\freedcode\Documents\digisign-2.0\public\index.php(37): CodeIgniter\CodeIgniter->run()
#9 C:\Users\freedcode\Documents\digisign-2.0\vendor\codeigniter4\framework\system\Commands\Server\rewrite.php(43): require_once('C:\\Users\\freedc...')
#10 {main}
CRITICAL - 2021-11-29 06:32:05 --> Undefined variable $validator
#0 C:\Users\freedcode\Documents\digisign-2.0\app\Views\home\profile.php(28): CodeIgniter\Debug\Exceptions->errorHandler(2, 'Undefined varia...', 'C:\\Users\\freedc...', 28)
#1 C:\Users\freedcode\Documents\digisign-2.0\vendor\codeigniter4\framework\system\View\View.php(214): include('C:\\Users\\freedc...')
#2 C:\Users\freedcode\Documents\digisign-2.0\vendor\codeigniter4\framework\system\View\View.php(217): CodeIgniter\View\View->CodeIgniter\View\{closure}()
#3 C:\Users\freedcode\Documents\digisign-2.0\vendor\codeigniter4\framework\system\Common.php(1097): CodeIgniter\View\View->render('home/profile', Array, true)
#4 C:\Users\freedcode\Documents\digisign-2.0\app\Controllers\Home.php(16): view('home/profile', Array)
#5 C:\Users\freedcode\Documents\digisign-2.0\vendor\codeigniter4\framework\system\CodeIgniter.php(824): App\Controllers\Home->index()
#6 C:\Users\freedcode\Documents\digisign-2.0\vendor\codeigniter4\framework\system\CodeIgniter.php(410): CodeIgniter\CodeIgniter->runController(Object(App\Controllers\Home))
#7 C:\Users\freedcode\Documents\digisign-2.0\vendor\codeigniter4\framework\system\CodeIgniter.php(318): CodeIgniter\CodeIgniter->handleRequest(NULL, Object(Config\Cache), false)
#8 C:\Users\freedcode\Documents\digisign-2.0\public\index.php(37): CodeIgniter\CodeIgniter->run()
#9 C:\Users\freedcode\Documents\digisign-2.0\vendor\codeigniter4\framework\system\Commands\Server\rewrite.php(43): require_once('C:\\Users\\freedc...')
#10 {main}
CRITICAL - 2021-11-29 06:32:08 --> Undefined variable $validator
#0 C:\Users\freedcode\Documents\digisign-2.0\app\Views\home\profile.php(28): CodeIgniter\Debug\Exceptions->errorHandler(2, 'Undefined varia...', 'C:\\Users\\freedc...', 28)
#1 C:\Users\freedcode\Documents\digisign-2.0\vendor\codeigniter4\framework\system\View\View.php(214): include('C:\\Users\\freedc...')
#2 C:\Users\freedcode\Documents\digisign-2.0\vendor\codeigniter4\framework\system\View\View.php(217): CodeIgniter\View\View->CodeIgniter\View\{closure}()
#3 C:\Users\freedcode\Documents\digisign-2.0\vendor\codeigniter4\framework\system\Common.php(1097): CodeIgniter\View\View->render('home/profile', Array, true)
#4 C:\Users\freedcode\Documents\digisign-2.0\app\Controllers\Home.php(16): view('home/profile', Array)
#5 C:\Users\freedcode\Documents\digisign-2.0\vendor\codeigniter4\framework\system\CodeIgniter.php(824): App\Controllers\Home->index()
#6 C:\Users\freedcode\Documents\digisign-2.0\vendor\codeigniter4\framework\system\CodeIgniter.php(410): CodeIgniter\CodeIgniter->runController(Object(App\Controllers\Home))
#7 C:\Users\freedcode\Documents\digisign-2.0\vendor\codeigniter4\framework\system\CodeIgniter.php(318): CodeIgniter\CodeIgniter->handleRequest(NULL, Object(Config\Cache), false)
#8 C:\Users\freedcode\Documents\digisign-2.0\public\index.php(37): CodeIgniter\CodeIgniter->run()
#9 C:\Users\freedcode\Documents\digisign-2.0\vendor\codeigniter4\framework\system\Commands\Server\rewrite.php(43): require_once('C:\\Users\\freedc...')
#10 {main}
CRITICAL - 2021-11-29 06:32:43 --> Undefined variable $validator
#0 C:\Users\freedcode\Documents\digisign-2.0\app\Views\home\profile.php(28): CodeIgniter\Debug\Exceptions->errorHandler(2, 'Undefined varia...', 'C:\\Users\\freedc...', 28)
#1 C:\Users\freedcode\Documents\digisign-2.0\vendor\codeigniter4\framework\system\View\View.php(214): include('C:\\Users\\freedc...')
#2 C:\Users\freedcode\Documents\digisign-2.0\vendor\codeigniter4\framework\system\View\View.php(217): CodeIgniter\View\View->CodeIgniter\View\{closure}()
#3 C:\Users\freedcode\Documents\digisign-2.0\vendor\codeigniter4\framework\system\Common.php(1097): CodeIgniter\View\View->render('home/profile', Array, true)
#4 C:\Users\freedcode\Documents\digisign-2.0\app\Controllers\Home.php(16): view('home/profile', Array)
#5 C:\Users\freedcode\Documents\digisign-2.0\vendor\codeigniter4\framework\system\CodeIgniter.php(824): App\Controllers\Home->index()
#6 C:\Users\freedcode\Documents\digisign-2.0\vendor\codeigniter4\framework\system\CodeIgniter.php(410): CodeIgniter\CodeIgniter->runController(Object(App\Controllers\Home))
#7 C:\Users\freedcode\Documents\digisign-2.0\vendor\codeigniter4\framework\system\CodeIgniter.php(318): CodeIgniter\CodeIgniter->handleRequest(NULL, Object(Config\Cache), false)
#8 C:\Users\freedcode\Documents\digisign-2.0\public\index.php(37): CodeIgniter\CodeIgniter->run()
#9 C:\Users\freedcode\Documents\digisign-2.0\vendor\codeigniter4\framework\system\Commands\Server\rewrite.php(43): require_once('C:\\Users\\freedc...')
#10 {main}
CRITICAL - 2021-11-29 08:52:09 --> Undefined variable $validator
#0 C:\Users\freedcode\Documents\digisign-2.0\app\Views\home\profile.php(26): CodeIgniter\Debug\Exceptions->errorHandler(2, 'Undefined varia...', 'C:\\Users\\freedc...', 26)
#1 C:\Users\freedcode\Documents\digisign-2.0\vendor\codeigniter4\framework\system\View\View.php(214): include('C:\\Users\\freedc...')
#2 C:\Users\freedcode\Documents\digisign-2.0\vendor\codeigniter4\framework\system\View\View.php(217): CodeIgniter\View\View->CodeIgniter\View\{closure}()
#3 C:\Users\freedcode\Documents\digisign-2.0\vendor\codeigniter4\framework\system\Common.php(1097): CodeIgniter\View\View->render('home/profile', Array, true)
#4 C:\Users\freedcode\Documents\digisign-2.0\app\Controllers\Home.php(16): view('home/profile', Array)
#5 C:\Users\freedcode\Documents\digisign-2.0\vendor\codeigniter4\framework\system\CodeIgniter.php(824): App\Controllers\Home->index()
#6 C:\Users\freedcode\Documents\digisign-2.0\vendor\codeigniter4\framework\system\CodeIgniter.php(410): CodeIgniter\CodeIgniter->runController(Object(App\Controllers\Home))
#7 C:\Users\freedcode\Documents\digisign-2.0\vendor\codeigniter4\framework\system\CodeIgniter.php(318): CodeIgniter\CodeIgniter->handleRequest(NULL, Object(Config\Cache), false)
#8 C:\Users\freedcode\Documents\digisign-2.0\public\index.php(37): CodeIgniter\CodeIgniter->run()
#9 C:\Users\freedcode\Documents\digisign-2.0\vendor\codeigniter4\framework\system\Commands\Server\rewrite.php(43): require_once('C:\\Users\\freedc...')
#10 {main}
CRITICAL - 2021-11-29 08:54:28 --> Undefined variable $validator
#0 C:\Users\freedcode\Documents\digisign-2.0\app\Views\home\profile.php(26): CodeIgniter\Debug\Exceptions->errorHandler(2, 'Undefined varia...', 'C:\\Users\\freedc...', 26)
#1 C:\Users\freedcode\Documents\digisign-2.0\vendor\codeigniter4\framework\system\View\View.php(214): include('C:\\Users\\freedc...')
#2 C:\Users\freedcode\Documents\digisign-2.0\vendor\codeigniter4\framework\system\View\View.php(217): CodeIgniter\View\View->CodeIgniter\View\{closure}()
#3 C:\Users\freedcode\Documents\digisign-2.0\vendor\codeigniter4\framework\system\Common.php(1097): CodeIgniter\View\View->render('home/profile', Array, true)
#4 C:\Users\freedcode\Documents\digisign-2.0\app\Controllers\Home.php(16): view('home/profile', Array)
#5 C:\Users\freedcode\Documents\digisign-2.0\vendor\codeigniter4\framework\system\CodeIgniter.php(824): App\Controllers\Home->index()
#6 C:\Users\freedcode\Documents\digisign-2.0\vendor\codeigniter4\framework\system\CodeIgniter.php(410): CodeIgniter\CodeIgniter->runController(Object(App\Controllers\Home))
#7 C:\Users\freedcode\Documents\digisign-2.0\vendor\codeigniter4\framework\system\CodeIgniter.php(318): CodeIgniter\CodeIgniter->handleRequest(NULL, Object(Config\Cache), false)
#8 C:\Users\freedcode\Documents\digisign-2.0\public\index.php(37): CodeIgniter\CodeIgniter->run()
#9 C:\Users\freedcode\Documents\digisign-2.0\vendor\codeigniter4\framework\system\Commands\Server\rewrite.php(43): require_once('C:\\Users\\freedc...')
#10 {main}
CRITICAL - 2021-11-29 08:54:40 --> Undefined variable $validator
#0 C:\Users\freedcode\Documents\digisign-2.0\app\Views\home\profile.php(26): CodeIgniter\Debug\Exceptions->errorHandler(2, 'Undefined varia...', 'C:\\Users\\freedc...', 26)
#1 C:\Users\freedcode\Documents\digisign-2.0\vendor\codeigniter4\framework\system\View\View.php(214): include('C:\\Users\\freedc...')
#2 C:\Users\freedcode\Documents\digisign-2.0\vendor\codeigniter4\framework\system\View\View.php(217): CodeIgniter\View\View->CodeIgniter\View\{closure}()
#3 C:\Users\freedcode\Documents\digisign-2.0\vendor\codeigniter4\framework\system\Common.php(1097): CodeIgniter\View\View->render('home/profile', Array, true)
#4 C:\Users\freedcode\Documents\digisign-2.0\app\Controllers\Home.php(16): view('home/profile', Array)
#5 C:\Users\freedcode\Documents\digisign-2.0\vendor\codeigniter4\framework\system\CodeIgniter.php(824): App\Controllers\Home->index()
#6 C:\Users\freedcode\Documents\digisign-2.0\vendor\codeigniter4\framework\system\CodeIgniter.php(410): CodeIgniter\CodeIgniter->runController(Object(App\Controllers\Home))
#7 C:\Users\freedcode\Documents\digisign-2.0\vendor\codeigniter4\framework\system\CodeIgniter.php(318): CodeIgniter\CodeIgniter->handleRequest(NULL, Object(Config\Cache), false)
#8 C:\Users\freedcode\Documents\digisign-2.0\public\index.php(37): CodeIgniter\CodeIgniter->run()
#9 C:\Users\freedcode\Documents\digisign-2.0\vendor\codeigniter4\framework\system\Commands\Server\rewrite.php(43): require_once('C:\\Users\\freedc...')
#10 {main}
CRITICAL - 2021-11-29 08:56:11 --> Undefined variable $validator
#0 C:\Users\freedcode\Documents\digisign-2.0\app\Views\home\profile.php(3): CodeIgniter\Debug\Exceptions->errorHandler(2, 'Undefined varia...', 'C:\\Users\\freedc...', 3)
#1 C:\Users\freedcode\Documents\digisign-2.0\vendor\codeigniter4\framework\system\View\View.php(214): include('C:\\Users\\freedc...')
#2 C:\Users\freedcode\Documents\digisign-2.0\vendor\codeigniter4\framework\system\View\View.php(217): CodeIgniter\View\View->CodeIgniter\View\{closure}()
#3 C:\Users\freedcode\Documents\digisign-2.0\vendor\codeigniter4\framework\system\Common.php(1097): CodeIgniter\View\View->render('home/profile', Array, true)
#4 C:\Users\freedcode\Documents\digisign-2.0\app\Controllers\Home.php(16): view('home/profile', Array)
#5 C:\Users\freedcode\Documents\digisign-2.0\vendor\codeigniter4\framework\system\CodeIgniter.php(824): App\Controllers\Home->index()
#6 C:\Users\freedcode\Documents\digisign-2.0\vendor\codeigniter4\framework\system\CodeIgniter.php(410): CodeIgniter\CodeIgniter->runController(Object(App\Controllers\Home))
#7 C:\Users\freedcode\Documents\digisign-2.0\vendor\codeigniter4\framework\system\CodeIgniter.php(318): CodeIgniter\CodeIgniter->handleRequest(NULL, Object(Config\Cache), false)
#8 C:\Users\freedcode\Documents\digisign-2.0\public\index.php(37): CodeIgniter\CodeIgniter->run()
#9 C:\Users\freedcode\Documents\digisign-2.0\vendor\codeigniter4\framework\system\Commands\Server\rewrite.php(43): require_once('C:\\Users\\freedc...')
#10 {main}
CRITICAL - 2021-11-29 08:56:24 --> Undefined variable $data
#0 C:\Users\freedcode\Documents\digisign-2.0\app\Views\home\profile.php(3): CodeIgniter\Debug\Exceptions->errorHandler(2, 'Undefined varia...', 'C:\\Users\\freedc...', 3)
#1 C:\Users\freedcode\Documents\digisign-2.0\vendor\codeigniter4\framework\system\View\View.php(214): include('C:\\Users\\freedc...')
#2 C:\Users\freedcode\Documents\digisign-2.0\vendor\codeigniter4\framework\system\View\View.php(217): CodeIgniter\View\View->CodeIgniter\View\{closure}()
#3 C:\Users\freedcode\Documents\digisign-2.0\vendor\codeigniter4\framework\system\Common.php(1097): CodeIgniter\View\View->render('home/profile', Array, true)
#4 C:\Users\freedcode\Documents\digisign-2.0\app\Controllers\Home.php(16): view('home/profile', Array)
#5 C:\Users\freedcode\Documents\digisign-2.0\vendor\codeigniter4\framework\system\CodeIgniter.php(824): App\Controllers\Home->index()
#6 C:\Users\freedcode\Documents\digisign-2.0\vendor\codeigniter4\framework\system\CodeIgniter.php(410): CodeIgniter\CodeIgniter->runController(Object(App\Controllers\Home))
#7 C:\Users\freedcode\Documents\digisign-2.0\vendor\codeigniter4\framework\system\CodeIgniter.php(318): CodeIgniter\CodeIgniter->handleRequest(NULL, Object(Config\Cache), false)
#8 C:\Users\freedcode\Documents\digisign-2.0\public\index.php(37): CodeIgniter\CodeIgniter->run()
#9 C:\Users\freedcode\Documents\digisign-2.0\vendor\codeigniter4\framework\system\Commands\Server\rewrite.php(43): require_once('C:\\Users\\freedc...')
#10 {main}
CRITICAL - 2021-11-29 08:57:04 --> Undefined variable $validator
#0 C:\Users\freedcode\Documents\digisign-2.0\app\Views\home\profile.php(3): CodeIgniter\Debug\Exceptions->errorHandler(2, 'Undefined varia...', 'C:\\Users\\freedc...', 3)
#1 C:\Users\freedcode\Documents\digisign-2.0\vendor\codeigniter4\framework\system\View\View.php(214): include('C:\\Users\\freedc...')
#2 C:\Users\freedcode\Documents\digisign-2.0\vendor\codeigniter4\framework\system\View\View.php(217): CodeIgniter\View\View->CodeIgniter\View\{closure}()
#3 C:\Users\freedcode\Documents\digisign-2.0\vendor\codeigniter4\framework\system\Common.php(1097): CodeIgniter\View\View->render('home/profile', Array, true)
#4 C:\Users\freedcode\Documents\digisign-2.0\app\Controllers\Home.php(16): view('home/profile', Array)
#5 C:\Users\freedcode\Documents\digisign-2.0\vendor\codeigniter4\framework\system\CodeIgniter.php(824): App\Controllers\Home->index()
#6 C:\Users\freedcode\Documents\digisign-2.0\vendor\codeigniter4\framework\system\CodeIgniter.php(410): CodeIgniter\CodeIgniter->runController(Object(App\Controllers\Home))
#7 C:\Users\freedcode\Documents\digisign-2.0\vendor\codeigniter4\framework\system\CodeIgniter.php(318): CodeIgniter\CodeIgniter->handleRequest(NULL, Object(Config\Cache), false)
#8 C:\Users\freedcode\Documents\digisign-2.0\public\index.php(37): CodeIgniter\CodeIgniter->run()
#9 C:\Users\freedcode\Documents\digisign-2.0\vendor\codeigniter4\framework\system\Commands\Server\rewrite.php(43): require_once('C:\\Users\\freedc...')
#10 {main}
