CRITICAL - 2021-12-07 00:30:35 --> fopen(/uploads/documents/orignal/1638450630_39a2fbc2ce975f262d64.pdf): Failed to open stream: No such file or directory
#0 [internal function]: CodeIgniter\Debug\Exceptions->errorHandler(2, 'fopen(/uploads/...', 'C:\\Users\\freedc...', 42)
#1 C:\Users\freedcode\Documents\digisign-2.0\vendor\setasign\fpdi\src\PdfParser\StreamReader.php(42): fopen('/uploads/docume...', 'rb')
#2 C:\Users\freedcode\Documents\digisign-2.0\vendor\setasign\fpdi\src\FpdiTrait.php(174): setasign\Fpdi\PdfParser\StreamReader::createByFile('/uploads/docume...')
#3 C:\Users\freedcode\Documents\digisign-2.0\vendor\setasign\fpdi\src\FpdiTrait.php(213): setasign\Fpdi\Fpdi->getPdfReaderId('/uploads/docume...')
#4 C:\Users\freedcode\Documents\digisign-2.0\app\Controllers\Document.php(56): setasign\Fpdi\Fpdi->setSourceFile('/uploads/docume...')
#5 C:\Users\freedcode\Documents\digisign-2.0\vendor\codeigniter4\framework\system\CodeIgniter.php(824): App\Controllers\Document->edited()
#6 C:\Users\freedcode\Documents\digisign-2.0\vendor\codeigniter4\framework\system\CodeIgniter.php(410): CodeIgniter\CodeIgniter->runController(Object(App\Controllers\Document))
#7 C:\Users\freedcode\Documents\digisign-2.0\vendor\codeigniter4\framework\system\CodeIgniter.php(318): CodeIgniter\CodeIgniter->handleRequest(NULL, Object(Config\Cache), false)
#8 C:\Users\freedcode\Documents\digisign-2.0\public\index.php(37): CodeIgniter\CodeIgniter->run()
#9 C:\Users\freedcode\Documents\digisign-2.0\vendor\codeigniter4\framework\system\Commands\Server\rewrite.php(43): require_once('C:\\Users\\freedc...')
#10 {main}
CRITICAL - 2021-12-07 00:30:54 --> fopen(uploads/documents/orignal/1638450630_39a2fbc2ce975f262d64.pdf): Failed to open stream: No such file or directory
#0 [internal function]: CodeIgniter\Debug\Exceptions->errorHandler(2, 'fopen(uploads/d...', 'C:\\Users\\freedc...', 42)
#1 C:\Users\freedcode\Documents\digisign-2.0\vendor\setasign\fpdi\src\PdfParser\StreamReader.php(42): fopen('uploads/documen...', 'rb')
#2 C:\Users\freedcode\Documents\digisign-2.0\vendor\setasign\fpdi\src\FpdiTrait.php(174): setasign\Fpdi\PdfParser\StreamReader::createByFile('uploads/documen...')
#3 C:\Users\freedcode\Documents\digisign-2.0\vendor\setasign\fpdi\src\FpdiTrait.php(213): setasign\Fpdi\Fpdi->getPdfReaderId('uploads/documen...')
#4 C:\Users\freedcode\Documents\digisign-2.0\app\Controllers\Document.php(56): setasign\Fpdi\Fpdi->setSourceFile('uploads/documen...')
#5 C:\Users\freedcode\Documents\digisign-2.0\vendor\codeigniter4\framework\system\CodeIgniter.php(824): App\Controllers\Document->edited()
#6 C:\Users\freedcode\Documents\digisign-2.0\vendor\codeigniter4\framework\system\CodeIgniter.php(410): CodeIgniter\CodeIgniter->runController(Object(App\Controllers\Document))
#7 C:\Users\freedcode\Documents\digisign-2.0\vendor\codeigniter4\framework\system\CodeIgniter.php(318): CodeIgniter\CodeIgniter->handleRequest(NULL, Object(Config\Cache), false)
#8 C:\Users\freedcode\Documents\digisign-2.0\public\index.php(37): CodeIgniter\CodeIgniter->run()
#9 C:\Users\freedcode\Documents\digisign-2.0\vendor\codeigniter4\framework\system\Commands\Server\rewrite.php(43): require_once('C:\\Users\\freedc...')
#10 {main}
CRITICAL - 2021-12-07 01:54:32 --> FPDF error: No page has been added yet
#0 C:\Users\freedcode\Documents\digisign-2.0\vendor\setasign\fpdf\fpdf.php(1448): FPDF->Error('No page has bee...')
#1 C:\Users\freedcode\Documents\digisign-2.0\vendor\setasign\fpdi\src\FpdfTplTrait.php(467): FPDF->_out('q 141.73 0 0 14...')
#2 C:\Users\freedcode\Documents\digisign-2.0\vendor\setasign\fpdf\fpdf.php(924): setasign\Fpdi\FpdfTpl->_out('q 141.73 0 0 14...')
#3 C:\Users\freedcode\Documents\digisign-2.0\app\Controllers\Document.php(57): FPDF->Image('uploads/signatu...', 150, 80, 50, 50)
#4 C:\Users\freedcode\Documents\digisign-2.0\vendor\codeigniter4\framework\system\CodeIgniter.php(824): App\Controllers\Document->edited()
#5 C:\Users\freedcode\Documents\digisign-2.0\vendor\codeigniter4\framework\system\CodeIgniter.php(410): CodeIgniter\CodeIgniter->runController(Object(App\Controllers\Document))
#6 C:\Users\freedcode\Documents\digisign-2.0\vendor\codeigniter4\framework\system\CodeIgniter.php(318): CodeIgniter\CodeIgniter->handleRequest(NULL, Object(Config\Cache), false)
#7 C:\Users\freedcode\Documents\digisign-2.0\public\index.php(37): CodeIgniter\CodeIgniter->run()
#8 C:\Users\freedcode\Documents\digisign-2.0\vendor\codeigniter4\framework\system\Commands\Server\rewrite.php(43): require_once('C:\\Users\\freedc...')
#9 {main}
CRITICAL - 2021-12-07 01:59:36 --> Cannot access protected property setasign\Fpdi\Fpdi::$readers
#0 C:\Users\freedcode\Documents\digisign-2.0\vendor\codeigniter4\framework\system\CodeIgniter.php(824): App\Controllers\Document->edited()
#1 C:\Users\freedcode\Documents\digisign-2.0\vendor\codeigniter4\framework\system\CodeIgniter.php(410): CodeIgniter\CodeIgniter->runController(Object(App\Controllers\Document))
#2 C:\Users\freedcode\Documents\digisign-2.0\vendor\codeigniter4\framework\system\CodeIgniter.php(318): CodeIgniter\CodeIgniter->handleRequest(NULL, Object(Config\Cache), false)
#3 C:\Users\freedcode\Documents\digisign-2.0\public\index.php(37): CodeIgniter\CodeIgniter->run()
#4 C:\Users\freedcode\Documents\digisign-2.0\vendor\codeigniter4\framework\system\Commands\Server\rewrite.php(43): require_once('C:\\Users\\freedc...')
#5 {main}
CRITICAL - 2021-12-07 02:00:45 --> Cannot access protected property setasign\Fpdi\Fpdi::$readers
#0 C:\Users\freedcode\Documents\digisign-2.0\vendor\codeigniter4\framework\system\CodeIgniter.php(824): App\Controllers\Document->edited()
#1 C:\Users\freedcode\Documents\digisign-2.0\vendor\codeigniter4\framework\system\CodeIgniter.php(410): CodeIgniter\CodeIgniter->runController(Object(App\Controllers\Document))
#2 C:\Users\freedcode\Documents\digisign-2.0\vendor\codeigniter4\framework\system\CodeIgniter.php(318): CodeIgniter\CodeIgniter->handleRequest(NULL, Object(Config\Cache), false)
#3 C:\Users\freedcode\Documents\digisign-2.0\public\index.php(37): CodeIgniter\CodeIgniter->run()
#4 C:\Users\freedcode\Documents\digisign-2.0\vendor\codeigniter4\framework\system\Commands\Server\rewrite.php(43): require_once('C:\\Users\\freedc...')
#5 {main}
CRITICAL - 2021-12-07 02:05:17 --> Class "TCPDF" not found
#0 C:\Users\freedcode\Documents\digisign-2.0\vendor\codeigniter4\framework\system\Autoloader\Autoloader.php(264): include_once()
#1 C:\Users\freedcode\Documents\digisign-2.0\vendor\codeigniter4\framework\system\Autoloader\Autoloader.php(241): CodeIgniter\Autoloader\Autoloader->includeFile('C:\\Users\\freedc...')
#2 C:\Users\freedcode\Documents\digisign-2.0\vendor\codeigniter4\framework\system\Autoloader\Autoloader.php(219): CodeIgniter\Autoloader\Autoloader->loadInNamespace('setasign\\Fpdi\\T...')
#3 C:\Users\freedcode\Documents\digisign-2.0\app\Controllers\Document.php(58): CodeIgniter\Autoloader\Autoloader->loadClass('setasign\\Fpdi\\T...')
#4 C:\Users\freedcode\Documents\digisign-2.0\vendor\codeigniter4\framework\system\CodeIgniter.php(824): App\Controllers\Document->edited()
#5 C:\Users\freedcode\Documents\digisign-2.0\vendor\codeigniter4\framework\system\CodeIgniter.php(410): CodeIgniter\CodeIgniter->runController(Object(App\Controllers\Document))
#6 C:\Users\freedcode\Documents\digisign-2.0\vendor\codeigniter4\framework\system\CodeIgniter.php(318): CodeIgniter\CodeIgniter->handleRequest(NULL, Object(Config\Cache), false)
#7 C:\Users\freedcode\Documents\digisign-2.0\public\index.php(37): CodeIgniter\CodeIgniter->run()
#8 C:\Users\freedcode\Documents\digisign-2.0\vendor\codeigniter4\framework\system\Commands\Server\rewrite.php(43): require_once('C:\\Users\\freedc...')
#9 {main}
CRITICAL - 2021-12-07 02:05:47 --> Class "tFPDF" not found
#0 C:\Users\freedcode\Documents\digisign-2.0\vendor\codeigniter4\framework\system\Autoloader\Autoloader.php(264): include_once()
#1 C:\Users\freedcode\Documents\digisign-2.0\vendor\codeigniter4\framework\system\Autoloader\Autoloader.php(241): CodeIgniter\Autoloader\Autoloader->includeFile('C:\\Users\\freedc...')
#2 C:\Users\freedcode\Documents\digisign-2.0\vendor\codeigniter4\framework\system\Autoloader\Autoloader.php(219): CodeIgniter\Autoloader\Autoloader->loadInNamespace('setasign\\Fpdi\\T...')
#3 C:\Users\freedcode\Documents\digisign-2.0\vendor\setasign\fpdi\src\Tfpdf\Fpdi.php(24): CodeIgniter\Autoloader\Autoloader->loadClass('setasign\\Fpdi\\T...')
#4 C:\Users\freedcode\Documents\digisign-2.0\vendor\codeigniter4\framework\system\Autoloader\Autoloader.php(264): include_once('C:\\Users\\freedc...')
#5 C:\Users\freedcode\Documents\digisign-2.0\vendor\codeigniter4\framework\system\Autoloader\Autoloader.php(241): CodeIgniter\Autoloader\Autoloader->includeFile('C:\\Users\\freedc...')
#6 C:\Users\freedcode\Documents\digisign-2.0\vendor\codeigniter4\framework\system\Autoloader\Autoloader.php(219): CodeIgniter\Autoloader\Autoloader->loadInNamespace('setasign\\Fpdi\\T...')
#7 C:\Users\freedcode\Documents\digisign-2.0\app\Controllers\Document.php(58): CodeIgniter\Autoloader\Autoloader->loadClass('setasign\\Fpdi\\T...')
#8 C:\Users\freedcode\Documents\digisign-2.0\vendor\codeigniter4\framework\system\CodeIgniter.php(824): App\Controllers\Document->edited()
#9 C:\Users\freedcode\Documents\digisign-2.0\vendor\codeigniter4\framework\system\CodeIgniter.php(410): CodeIgniter\CodeIgniter->runController(Object(App\Controllers\Document))
#10 C:\Users\freedcode\Documents\digisign-2.0\vendor\codeigniter4\framework\system\CodeIgniter.php(318): CodeIgniter\CodeIgniter->handleRequest(NULL, Object(Config\Cache), false)
#11 C:\Users\freedcode\Documents\digisign-2.0\public\index.php(37): CodeIgniter\CodeIgniter->run()
#12 C:\Users\freedcode\Documents\digisign-2.0\vendor\codeigniter4\framework\system\Commands\Server\rewrite.php(43): require_once('C:\\Users\\freedc...')
#13 {main}
CRITICAL - 2021-12-07 02:10:57 --> Page number "8" out of available page range (1 - 7)
#0 C:\Users\freedcode\Documents\digisign-2.0\vendor\setasign\fpdi\src\FpdiTrait.php(262): setasign\Fpdi\PdfReader\PdfReader->getPage(8)
#1 C:\Users\freedcode\Documents\digisign-2.0\app\Controllers\Document.php(59): setasign\Fpdi\Fpdi->importPage(8)
#2 C:\Users\freedcode\Documents\digisign-2.0\vendor\codeigniter4\framework\system\CodeIgniter.php(824): App\Controllers\Document->edited()
#3 C:\Users\freedcode\Documents\digisign-2.0\vendor\codeigniter4\framework\system\CodeIgniter.php(410): CodeIgniter\CodeIgniter->runController(Object(App\Controllers\Document))
#4 C:\Users\freedcode\Documents\digisign-2.0\vendor\codeigniter4\framework\system\CodeIgniter.php(318): CodeIgniter\CodeIgniter->handleRequest(NULL, Object(Config\Cache), false)
#5 C:\Users\freedcode\Documents\digisign-2.0\public\index.php(37): CodeIgniter\CodeIgniter->run()
#6 C:\Users\freedcode\Documents\digisign-2.0\vendor\codeigniter4\framework\system\Commands\Server\rewrite.php(43): require_once('C:\\Users\\freedc...')
#7 {main}
