CRITICAL - 2021-11-28 08:17:22 --> Invalid file: App\Views\login.php
#0 C:\Users\freedcode\Documents\digisign-2.0\vendor\codeigniter4\framework\system\View\View.php(198): CodeIgniter\Exceptions\FrameworkException::forInvalidFile('App\\Views\\login...')
#1 C:\Users\freedcode\Documents\digisign-2.0\vendor\codeigniter4\framework\system\Common.php(1097): CodeIgniter\View\View->render('App\\Views\\login', Array, true)
#2 C:\Users\freedcode\Documents\digisign-2.0\vendor\myth\auth\src\Controllers\AuthController.php(429): view('App\\Views\\login', Array)
#3 C:\Users\freedcode\Documents\digisign-2.0\vendor\myth\auth\src\Controllers\AuthController.php(57): Myth\Auth\Controllers\AuthController->_render('App\\Views\\login', Array)
#4 C:\Users\freedcode\Documents\digisign-2.0\vendor\codeigniter4\framework\system\CodeIgniter.php(824): Myth\Auth\Controllers\AuthController->login()
#5 C:\Users\freedcode\Documents\digisign-2.0\vendor\codeigniter4\framework\system\CodeIgniter.php(410): CodeIgniter\CodeIgniter->runController(Object(Myth\Auth\Controllers\AuthController))
#6 C:\Users\freedcode\Documents\digisign-2.0\vendor\codeigniter4\framework\system\CodeIgniter.php(318): CodeIgniter\CodeIgniter->handleRequest(NULL, Object(Config\Cache), false)
#7 C:\Users\freedcode\Documents\digisign-2.0\public\index.php(37): CodeIgniter\CodeIgniter->run()
#8 C:\Users\freedcode\Documents\digisign-2.0\vendor\codeigniter4\framework\system\Commands\Server\rewrite.php(43): require_once('C:\\Users\\freedc...')
#9 {main}
CRITICAL - 2021-11-28 09:21:18 -->  route cannot be found while reverse-routing.
#0 C:\Users\freedcode\Documents\digisign-2.0\vendor\codeigniter4\framework\system\HTTP\RedirectResponse.php(56): CodeIgniter\HTTP\Exceptions\HTTPException::forInvalidRedirectRoute('')
#1 C:\Users\freedcode\Documents\digisign-2.0\vendor\codeigniter4\framework\system\Common.php(840): CodeIgniter\HTTP\RedirectResponse->route(false)
#2 C:\Users\freedcode\Documents\digisign-2.0\vendor\myth\auth\src\Filters\LoginFilter.php(46): redirect('/login')
#3 C:\Users\freedcode\Documents\digisign-2.0\vendor\codeigniter4\framework\system\Filters\Filters.php(173): Myth\Auth\Filters\LoginFilter->before(Object(CodeIgniter\HTTP\IncomingRequest), NULL)
#4 C:\Users\freedcode\Documents\digisign-2.0\vendor\codeigniter4\framework\system\CodeIgniter.php(384): CodeIgniter\Filters\Filters->run('/', 'before')
#5 C:\Users\freedcode\Documents\digisign-2.0\vendor\codeigniter4\framework\system\CodeIgniter.php(318): CodeIgniter\CodeIgniter->handleRequest(NULL, Object(Config\Cache), false)
#6 C:\Users\freedcode\Documents\digisign-2.0\public\index.php(37): CodeIgniter\CodeIgniter->run()
#7 C:\Users\freedcode\Documents\digisign-2.0\vendor\codeigniter4\framework\system\Commands\Server\rewrite.php(43): require_once('C:\\Users\\freedc...')
#8 {main}
CRITICAL - 2021-11-28 09:24:52 -->  route cannot be found while reverse-routing.
#0 C:\Users\freedcode\Documents\digisign-2.0\vendor\codeigniter4\framework\system\HTTP\RedirectResponse.php(56): CodeIgniter\HTTP\Exceptions\HTTPException::forInvalidRedirectRoute('')
#1 C:\Users\freedcode\Documents\digisign-2.0\vendor\codeigniter4\framework\system\Common.php(840): CodeIgniter\HTTP\RedirectResponse->route(false)
#2 C:\Users\freedcode\Documents\digisign-2.0\vendor\myth\auth\src\Filters\LoginFilter.php(46): redirect('http://localhos...')
#3 C:\Users\freedcode\Documents\digisign-2.0\vendor\codeigniter4\framework\system\Filters\Filters.php(173): Myth\Auth\Filters\LoginFilter->before(Object(CodeIgniter\HTTP\IncomingRequest), NULL)
#4 C:\Users\freedcode\Documents\digisign-2.0\vendor\codeigniter4\framework\system\CodeIgniter.php(384): CodeIgniter\Filters\Filters->run('/', 'before')
#5 C:\Users\freedcode\Documents\digisign-2.0\vendor\codeigniter4\framework\system\CodeIgniter.php(318): CodeIgniter\CodeIgniter->handleRequest(NULL, Object(Config\Cache), false)
#6 C:\Users\freedcode\Documents\digisign-2.0\public\index.php(37): CodeIgniter\CodeIgniter->run()
#7 C:\Users\freedcode\Documents\digisign-2.0\vendor\codeigniter4\framework\system\Commands\Server\rewrite.php(43): require_once('C:\\Users\\freedc...')
#8 {main}
CRITICAL - 2021-11-28 09:32:45 --> Invalid file: template.php
#0 C:\Users\freedcode\Documents\digisign-2.0\vendor\codeigniter4\framework\system\View\View.php(198): CodeIgniter\Exceptions\FrameworkException::forInvalidFile('template.php')
#1 C:\Users\freedcode\Documents\digisign-2.0\vendor\codeigniter4\framework\system\View\View.php(230): CodeIgniter\View\View->render('template', Array, true)
#2 C:\Users\freedcode\Documents\digisign-2.0\vendor\codeigniter4\framework\system\Common.php(1097): CodeIgniter\View\View->render('App\\Views\\auth\\...', Array, true)
#3 C:\Users\freedcode\Documents\digisign-2.0\vendor\myth\auth\src\Controllers\AuthController.php(401): view('App\\Views\\auth\\...', Array)
#4 C:\Users\freedcode\Documents\digisign-2.0\vendor\myth\auth\src\Controllers\AuthController.php(133): Myth\Auth\Controllers\AuthController->_render('App\\Views\\auth\\...', Array)
#5 C:\Users\freedcode\Documents\digisign-2.0\vendor\codeigniter4\framework\system\CodeIgniter.php(824): Myth\Auth\Controllers\AuthController->register()
#6 C:\Users\freedcode\Documents\digisign-2.0\vendor\codeigniter4\framework\system\CodeIgniter.php(410): CodeIgniter\CodeIgniter->runController(Object(Myth\Auth\Controllers\AuthController))
#7 C:\Users\freedcode\Documents\digisign-2.0\vendor\codeigniter4\framework\system\CodeIgniter.php(318): CodeIgniter\CodeIgniter->handleRequest(NULL, Object(Config\Cache), false)
#8 C:\Users\freedcode\Documents\digisign-2.0\public\index.php(37): CodeIgniter\CodeIgniter->run()
#9 C:\Users\freedcode\Documents\digisign-2.0\vendor\codeigniter4\framework\system\Commands\Server\rewrite.php(43): require_once('C:\\Users\\freedc...')
#10 {main}
CRITICAL - 2021-11-28 09:39:01 --> Undefined variable $title
#0 C:\Users\freedcode\Documents\digisign-2.0\app\Views\layouts\template.php(12): CodeIgniter\Debug\Exceptions->errorHandler(2, 'Undefined varia...', 'C:\\Users\\freedc...', 12)
#1 C:\Users\freedcode\Documents\digisign-2.0\vendor\codeigniter4\framework\system\View\View.php(214): include('C:\\Users\\freedc...')
#2 C:\Users\freedcode\Documents\digisign-2.0\vendor\codeigniter4\framework\system\View\View.php(217): CodeIgniter\View\View->CodeIgniter\View\{closure}()
#3 C:\Users\freedcode\Documents\digisign-2.0\vendor\codeigniter4\framework\system\View\View.php(230): CodeIgniter\View\View->render('layouts/templat...', Array, true)
#4 C:\Users\freedcode\Documents\digisign-2.0\vendor\codeigniter4\framework\system\Common.php(1097): CodeIgniter\View\View->render('home/index', Array, true)
#5 C:\Users\freedcode\Documents\digisign-2.0\app\Controllers\Home.php(12): view('home/index')
#6 C:\Users\freedcode\Documents\digisign-2.0\vendor\codeigniter4\framework\system\CodeIgniter.php(824): App\Controllers\Home->index()
#7 C:\Users\freedcode\Documents\digisign-2.0\vendor\codeigniter4\framework\system\CodeIgniter.php(410): CodeIgniter\CodeIgniter->runController(Object(App\Controllers\Home))
#8 C:\Users\freedcode\Documents\digisign-2.0\vendor\codeigniter4\framework\system\CodeIgniter.php(318): CodeIgniter\CodeIgniter->handleRequest(NULL, Object(Config\Cache), false)
#9 C:\Users\freedcode\Documents\digisign-2.0\public\index.php(37): CodeIgniter\CodeIgniter->run()
#10 C:\Users\freedcode\Documents\digisign-2.0\vendor\codeigniter4\framework\system\Commands\Server\rewrite.php(43): require_once('C:\\Users\\freedc...')
#11 {main}
CRITICAL - 2021-11-28 09:42:25 --> Invalid file: home/signature.php
#0 C:\Users\freedcode\Documents\digisign-2.0\vendor\codeigniter4\framework\system\View\View.php(198): CodeIgniter\Exceptions\FrameworkException::forInvalidFile('home/signature....')
#1 C:\Users\freedcode\Documents\digisign-2.0\vendor\codeigniter4\framework\system\Common.php(1097): CodeIgniter\View\View->render('home/signature', Array, true)
#2 C:\Users\freedcode\Documents\digisign-2.0\app\Controllers\Home.php(20): view('home/signature', Array)
#3 C:\Users\freedcode\Documents\digisign-2.0\vendor\codeigniter4\framework\system\CodeIgniter.php(824): App\Controllers\Home->signature()
#4 C:\Users\freedcode\Documents\digisign-2.0\vendor\codeigniter4\framework\system\CodeIgniter.php(410): CodeIgniter\CodeIgniter->runController(Object(App\Controllers\Home))
#5 C:\Users\freedcode\Documents\digisign-2.0\vendor\codeigniter4\framework\system\CodeIgniter.php(318): CodeIgniter\CodeIgniter->handleRequest(NULL, Object(Config\Cache), false)
#6 C:\Users\freedcode\Documents\digisign-2.0\public\index.php(37): CodeIgniter\CodeIgniter->run()
#7 C:\Users\freedcode\Documents\digisign-2.0\vendor\codeigniter4\framework\system\Commands\Server\rewrite.php(43): require_once('C:\\Users\\freedc...')
#8 {main}
CRITICAL - 2021-11-28 09:43:10 --> View themes, no current section.
#0 C:\Users\freedcode\Documents\digisign-2.0\app\Views\home\signature.php(4): CodeIgniter\View\View->endSection()
#1 C:\Users\freedcode\Documents\digisign-2.0\vendor\codeigniter4\framework\system\View\View.php(214): include('C:\\Users\\freedc...')
#2 C:\Users\freedcode\Documents\digisign-2.0\vendor\codeigniter4\framework\system\View\View.php(217): CodeIgniter\View\View->CodeIgniter\View\{closure}()
#3 C:\Users\freedcode\Documents\digisign-2.0\vendor\codeigniter4\framework\system\Common.php(1097): CodeIgniter\View\View->render('home/signature', Array, true)
#4 C:\Users\freedcode\Documents\digisign-2.0\app\Controllers\Home.php(20): view('home/signature', Array)
#5 C:\Users\freedcode\Documents\digisign-2.0\vendor\codeigniter4\framework\system\CodeIgniter.php(824): App\Controllers\Home->signature()
#6 C:\Users\freedcode\Documents\digisign-2.0\vendor\codeigniter4\framework\system\CodeIgniter.php(410): CodeIgniter\CodeIgniter->runController(Object(App\Controllers\Home))
#7 C:\Users\freedcode\Documents\digisign-2.0\vendor\codeigniter4\framework\system\CodeIgniter.php(318): CodeIgniter\CodeIgniter->handleRequest(NULL, Object(Config\Cache), false)
#8 C:\Users\freedcode\Documents\digisign-2.0\public\index.php(37): CodeIgniter\CodeIgniter->run()
#9 C:\Users\freedcode\Documents\digisign-2.0\vendor\codeigniter4\framework\system\Commands\Server\rewrite.php(43): require_once('C:\\Users\\freedc...')
#10 {main}
CRITICAL - 2021-11-28 10:09:02 --> Invalid file: home/document.php
#0 C:\Users\freedcode\Documents\digisign-2.0\vendor\codeigniter4\framework\system\View\View.php(198): CodeIgniter\Exceptions\FrameworkException::forInvalidFile('home/document.p...')
#1 C:\Users\freedcode\Documents\digisign-2.0\vendor\codeigniter4\framework\system\Common.php(1097): CodeIgniter\View\View->render('home/document', Array, true)
#2 C:\Users\freedcode\Documents\digisign-2.0\app\Controllers\Home.php(28): view('home/document', Array)
#3 C:\Users\freedcode\Documents\digisign-2.0\vendor\codeigniter4\framework\system\CodeIgniter.php(824): App\Controllers\Home->document()
#4 C:\Users\freedcode\Documents\digisign-2.0\vendor\codeigniter4\framework\system\CodeIgniter.php(410): CodeIgniter\CodeIgniter->runController(Object(App\Controllers\Home))
#5 C:\Users\freedcode\Documents\digisign-2.0\vendor\codeigniter4\framework\system\CodeIgniter.php(318): CodeIgniter\CodeIgniter->handleRequest(NULL, Object(Config\Cache), false)
#6 C:\Users\freedcode\Documents\digisign-2.0\public\index.php(37): CodeIgniter\CodeIgniter->run()
#7 C:\Users\freedcode\Documents\digisign-2.0\vendor\codeigniter4\framework\system\Commands\Server\rewrite.php(43): require_once('C:\\Users\\freedc...')
#8 {main}
CRITICAL - 2021-11-28 11:15:50 --> Invalid file: document/reader.php
#0 C:\Users\freedcode\Documents\digisign-2.0\vendor\codeigniter4\framework\system\View\View.php(198): CodeIgniter\Exceptions\FrameworkException::forInvalidFile('document/reader...')
#1 C:\Users\freedcode\Documents\digisign-2.0\vendor\codeigniter4\framework\system\Common.php(1097): CodeIgniter\View\View->render('document/reader', Array, true)
#2 C:\Users\freedcode\Documents\digisign-2.0\app\Controllers\Document.php(28): view('document/reader', Array)
#3 C:\Users\freedcode\Documents\digisign-2.0\vendor\codeigniter4\framework\system\CodeIgniter.php(824): App\Controllers\Document->reader()
#4 C:\Users\freedcode\Documents\digisign-2.0\vendor\codeigniter4\framework\system\CodeIgniter.php(410): CodeIgniter\CodeIgniter->runController(Object(App\Controllers\Document))
#5 C:\Users\freedcode\Documents\digisign-2.0\vendor\codeigniter4\framework\system\CodeIgniter.php(318): CodeIgniter\CodeIgniter->handleRequest(NULL, Object(Config\Cache), false)
#6 C:\Users\freedcode\Documents\digisign-2.0\public\index.php(37): CodeIgniter\CodeIgniter->run()
#7 C:\Users\freedcode\Documents\digisign-2.0\vendor\codeigniter4\framework\system\Commands\Server\rewrite.php(43): require_once('C:\\Users\\freedc...')
#8 {main}
