CRITICAL - 2021-12-02 01:09:49 --> Too few arguments to function CodeIgniter\HTTP\IncomingRequest::getFile(), 0 passed in C:\Users\freedcode\Documents\digisign-2.0\app\Controllers\Home.php on line 107 and exactly 1 expected
#0 C:\Users\freedcode\Documents\digisign-2.0\app\Controllers\Home.php(107): CodeIgniter\HTTP\IncomingRequest->getFile()
#1 C:\Users\freedcode\Documents\digisign-2.0\vendor\codeigniter4\framework\system\CodeIgniter.php(824): App\Controllers\Home->uploadDocument()
#2 C:\Users\freedcode\Documents\digisign-2.0\vendor\codeigniter4\framework\system\CodeIgniter.php(410): CodeIgniter\CodeIgniter->runController(Object(App\Controllers\Home))
#3 C:\Users\freedcode\Documents\digisign-2.0\vendor\codeigniter4\framework\system\CodeIgniter.php(318): CodeIgniter\CodeIgniter->handleRequest(NULL, Object(Config\Cache), false)
#4 C:\Users\freedcode\Documents\digisign-2.0\public\index.php(37): CodeIgniter\CodeIgniter->run()
#5 C:\Users\freedcode\Documents\digisign-2.0\vendor\codeigniter4\framework\system\Commands\Server\rewrite.php(43): require_once('C:\\Users\\freedc...')
#6 {main}
ERROR - 2021-12-02 06:38:34 --> Cannot add or update a child row: a foreign key constraint fails (`digisign_uai`.`documents`, CONSTRAINT `documents_from_id_foreign` FOREIGN KEY (`from_id`) REFERENCES `users` (`id`) ON DELETE CASCADE ON UPDATE CASCADE)
CRITICAL - 2021-12-02 06:38:34 --> Cannot add or update a child row: a foreign key constraint fails (`digisign_uai`.`documents`, CONSTRAINT `documents_from_id_foreign` FOREIGN KEY (`from_id`) REFERENCES `users` (`id`) ON DELETE CASCADE ON UPDATE CASCADE)
#0 C:\Users\freedcode\Documents\digisign-2.0\vendor\codeigniter4\framework\system\Database\MySQLi\Connection.php(292): mysqli->query('INSERT INTO `do...', 0)
#1 C:\Users\freedcode\Documents\digisign-2.0\vendor\codeigniter4\framework\system\Database\BaseConnection.php(670): CodeIgniter\Database\MySQLi\Connection->execute('INSERT INTO `do...')
#2 C:\Users\freedcode\Documents\digisign-2.0\vendor\codeigniter4\framework\system\Database\BaseConnection.php(598): CodeIgniter\Database\BaseConnection->simpleQuery('INSERT INTO `do...')
#3 C:\Users\freedcode\Documents\digisign-2.0\vendor\codeigniter4\framework\system\Database\BaseBuilder.php(1759): CodeIgniter\Database\BaseConnection->query('INSERT INTO `do...', Array, false)
#4 C:\Users\freedcode\Documents\digisign-2.0\vendor\codeigniter4\framework\system\Model.php(239): CodeIgniter\Database\BaseBuilder->insert()
#5 C:\Users\freedcode\Documents\digisign-2.0\vendor\codeigniter4\framework\system\BaseModel.php(738): CodeIgniter\Model->doInsert(Array)
#6 C:\Users\freedcode\Documents\digisign-2.0\vendor\codeigniter4\framework\system\Model.php(620): CodeIgniter\BaseModel->insert(Array, false)
#7 C:\Users\freedcode\Documents\digisign-2.0\vendor\codeigniter4\framework\system\BaseModel.php(658): CodeIgniter\Model->insert(Array, false)
#8 C:\Users\freedcode\Documents\digisign-2.0\app\Controllers\Home.php(128): CodeIgniter\BaseModel->save(Array)
#9 C:\Users\freedcode\Documents\digisign-2.0\vendor\codeigniter4\framework\system\CodeIgniter.php(824): App\Controllers\Home->uploadDocument()
#10 C:\Users\freedcode\Documents\digisign-2.0\vendor\codeigniter4\framework\system\CodeIgniter.php(410): CodeIgniter\CodeIgniter->runController(Object(App\Controllers\Home))
#11 C:\Users\freedcode\Documents\digisign-2.0\vendor\codeigniter4\framework\system\CodeIgniter.php(318): CodeIgniter\CodeIgniter->handleRequest(NULL, Object(Config\Cache), false)
#12 C:\Users\freedcode\Documents\digisign-2.0\public\index.php(37): CodeIgniter\CodeIgniter->run()
#13 C:\Users\freedcode\Documents\digisign-2.0\vendor\codeigniter4\framework\system\Commands\Server\rewrite.php(43): require_once('C:\\Users\\freedc...')
#14 {main}
CRITICAL - 2021-12-02 06:38:58 --> Cannot access offset of type string on string
#0 C:\Users\freedcode\Documents\digisign-2.0\vendor\codeigniter4\framework\system\CodeIgniter.php(824): App\Controllers\Home->uploadDocument()
#1 C:\Users\freedcode\Documents\digisign-2.0\vendor\codeigniter4\framework\system\CodeIgniter.php(410): CodeIgniter\CodeIgniter->runController(Object(App\Controllers\Home))
#2 C:\Users\freedcode\Documents\digisign-2.0\vendor\codeigniter4\framework\system\CodeIgniter.php(318): CodeIgniter\CodeIgniter->handleRequest(NULL, Object(Config\Cache), false)
#3 C:\Users\freedcode\Documents\digisign-2.0\public\index.php(37): CodeIgniter\CodeIgniter->run()
#4 C:\Users\freedcode\Documents\digisign-2.0\vendor\codeigniter4\framework\system\Commands\Server\rewrite.php(43): require_once('C:\\Users\\freedc...')
#5 {main}
CRITICAL - 2021-12-02 07:30:45 --> Undefined variable $documents
#0 C:\Users\freedcode\Documents\digisign-2.0\app\Views\document\dispositions.php(25): CodeIgniter\Debug\Exceptions->errorHandler(2, 'Undefined varia...', 'C:\\Users\\freedc...', 25)
#1 C:\Users\freedcode\Documents\digisign-2.0\vendor\codeigniter4\framework\system\View\View.php(214): include('C:\\Users\\freedc...')
#2 C:\Users\freedcode\Documents\digisign-2.0\vendor\codeigniter4\framework\system\View\View.php(217): CodeIgniter\View\View->CodeIgniter\View\{closure}()
#3 C:\Users\freedcode\Documents\digisign-2.0\vendor\codeigniter4\framework\system\Common.php(1097): CodeIgniter\View\View->render('document/dispos...', Array, true)
#4 C:\Users\freedcode\Documents\digisign-2.0\app\Controllers\Document.php(31): view('document/dispos...', Array)
#5 C:\Users\freedcode\Documents\digisign-2.0\vendor\codeigniter4\framework\system\CodeIgniter.php(824): App\Controllers\Document->forward()
#6 C:\Users\freedcode\Documents\digisign-2.0\vendor\codeigniter4\framework\system\CodeIgniter.php(410): CodeIgniter\CodeIgniter->runController(Object(App\Controllers\Document))
#7 C:\Users\freedcode\Documents\digisign-2.0\vendor\codeigniter4\framework\system\CodeIgniter.php(318): CodeIgniter\CodeIgniter->handleRequest(NULL, Object(Config\Cache), false)
#8 C:\Users\freedcode\Documents\digisign-2.0\public\index.php(37): CodeIgniter\CodeIgniter->run()
#9 C:\Users\freedcode\Documents\digisign-2.0\vendor\codeigniter4\framework\system\Commands\Server\rewrite.php(43): require_once('C:\\Users\\freedc...')
#10 {main}
